This is pdfTeX, Version 3.141592653-2.6-1.40.25 (TeX Live 2023/Debian) (preloaded format=pdflatex 2025.10.30)  30 OCT 2025 22:42
entering extended mode
 restricted \write18 enabled.
 %&-line parsing enabled.
**refman
(./refman.tex
LaTeX2e <2023-11-01> patch level 1
L3 programming layer <2024-01-22>
(/usr/share/texlive/texmf-dist/tex/latex/base/book.cls
Document Class: book 2023/05/17 v1.4n Standard LaTeX document class
(/usr/share/texlive/texmf-dist/tex/latex/base/bk10.clo
File: bk10.clo 2023/05/17 v1.4n Standard LaTeX file (size option)
)
\c@part=\count187
\c@chapter=\count188
\c@section=\count189
\c@subsection=\count190
\c@subsubsection=\count191
\c@paragraph=\count192
\c@subparagraph=\count193
\c@figure=\count194
\c@table=\count195
\abovecaptionskip=\skip48
\belowcaptionskip=\skip49
\bibindent=\dimen140
)
(/usr/share/texlive/texmf-dist/tex/latex/base/ifthen.sty
Package: ifthen 2022/04/13 v1.1d Standard LaTeX ifthen package (DPC)
)
(/usr/share/texlive/texmf-dist/tex/latex/tools/array.sty
Rollback for package 'array' requested -> date 2016-10-06.
         Best approximation is the release introduced on 2016-10-06.

(/usr/share/texlive/texmf-dist/tex/latex/tools/array-2016-10-06.sty
Package: array 2016/10/06 v2.4d Tabular extension package (FMi)
\col@sep=\dimen141
\extrarowheight=\dimen142
\NC@list=\toks17
\extratabsurround=\skip50
\backup@length=\skip51
))
(/usr/share/texlive/texmf-dist/tex/generic/infwarerr/infwarerr.sty
package info suppressed
)
(./doxygen.sty
Package: doxygen 
 (/usr/share/texlive/texmf-dist/tex/latex/base/alltt.sty
Package: alltt 2021/01/29 v2.0g defines alltt environment
)
(/usr/share/texlive/texmf-dist/tex/latex/tools/calc.sty
Package: calc 2023/07/08 v4.3 Infix arithmetic (KKT,FJ)
\calc@Acount=\count196
\calc@Bcount=\count197
\calc@Adimen=\dimen143
\calc@Bdimen=\dimen144
\calc@Askip=\skip52
\calc@Bskip=\skip53
LaTeX Info: Redefining \setlength on input line 80.
LaTeX Info: Redefining \addtolength on input line 81.
\calc@Ccount=\count198
\calc@Cskip=\skip54
)
(/usr/share/texlive/texmf-dist/tex/latex/float/float.sty
Package: float 2001/11/08 v1.3d Float enhancements (AL)
\c@float@type=\count199
\float@exts=\toks18
\float@box=\box51
\@float@everytoks=\toks19
\@floatcapt=\box52
)
(/usr/share/texlive/texmf-dist/tex/latex/tools/verbatim.sty
Package: verbatim 2023-11-06 v1.5v LaTeX2e package for verbatim enhancements
\every@verbatim=\toks20
\verbatim@line=\toks21
\verbatim@in@stream=\read2
)
(/usr/share/texlive/texmf-dist/tex/latex/xcolor/xcolor.sty
Package: xcolor 2023/11/15 v3.01 LaTeX color extensions (UK)

(/usr/share/texlive/texmf-dist/tex/latex/graphics-cfg/color.cfg
File: color.cfg 2016/01/02 v1.6 sample color configuration
)
Package xcolor Info: Driver file: pdftex.def on input line 274.

(/usr/share/texlive/texmf-dist/tex/latex/graphics-def/pdftex.def
File: pdftex.def 2022/09/22 v1.2b Graphics/color driver for pdftex
)
(/usr/share/texlive/texmf-dist/tex/latex/graphics/mathcolor.ltx)
Package xcolor Info: Model `cmy' substituted by `cmy0' on input line 1350.
Package xcolor Info: Model `hsb' substituted by `rgb' on input line 1354.
Package xcolor Info: Model `RGB' extended on input line 1366.
Package xcolor Info: Model `HTML' substituted by `rgb' on input line 1368.
Package xcolor Info: Model `Hsb' substituted by `hsb' on input line 1369.
Package xcolor Info: Model `tHsb' substituted by `hsb' on input line 1370.
Package xcolor Info: Model `HSB' substituted by `hsb' on input line 1371.
Package xcolor Info: Model `Gray' substituted by `gray' on input line 1372.
Package xcolor Info: Model `wave' substituted by `hsb' on input line 1373.
)
(/usr/share/texlive/texmf-dist/tex/latex/colortbl/colortbl.sty
Package: colortbl 2022/06/20 v1.0f Color table columns (DPC)
\everycr=\toks22
\minrowclearance=\skip55
\rownum=\count266
)
(./longtable_doxygen.sty
Package: longtable_doxygen 2014/10/28 v4.11 Multi-page Table package (DPC) - fr
ozen version for doxygen
\LTleft=\skip56
\LTright=\skip57
\LTpre=\skip58
\LTpost=\skip59
\LTchunksize=\count267
\LTcapwidth=\dimen145
\LT@head=\box53
\LT@firsthead=\box54
\LT@foot=\box55
\LT@lastfoot=\box56
\LT@cols=\count268
\LT@rows=\count269
\c@LT@tables=\count270
\c@LT@chunks=\count271
\LT@p@ftn=\toks23
) (./tabu_doxygen.sty
Package: tabu_doxygen 2011/02/26 v2.8 - flexible LaTeX tabulars (FC), frozen ve
rsion for doxygen

(/usr/share/texlive/texmf-dist/tex/latex/varwidth/varwidth.sty
Package: varwidth 2009/03/30 ver 0.92;  Variable-width minipages
\@vwid@box=\box57
\sift@deathcycles=\count272
\@vwid@loff=\dimen146
\@vwid@roff=\dimen147
)
\c@taburow=\count273
\tabu@nbcols=\count274
\tabu@cnt=\count275
\tabu@Xcol=\count276
\tabu@alloc=\count277
\tabu@nested=\count278
\tabu@target=\dimen148
\tabu@spreadtarget=\dimen149
\tabu@naturalX=\dimen150
\tabucolX=\dimen151
\tabu@Xsum=\dimen152
\extrarowdepth=\dimen153
\abovetabulinesep=\dimen154
\belowtabulinesep=\dimen155
\tabustrutrule=\dimen156
\tabu@thebody=\toks24
\tabu@footnotes=\toks25
\tabu@box=\box58
\tabu@arstrutbox=\box59
\tabu@hleads=\box60
\tabu@vleads=\box61
\tabu@cellskip=\skip60
)
(/usr/share/texlive/texmf-dist/tex/latex/fancyvrb/fancyvrb.sty
Package: fancyvrb 2024/01/20 4.5c verbatim text (tvz,hv)

(/usr/share/texlive/texmf-dist/tex/latex/graphics/keyval.sty
Package: keyval 2022/05/29 v1.15 key=value parser (DPC)
\KV@toks@=\toks26
)
\FV@CodeLineNo=\count279
\FV@InFile=\read3
\FV@TabBox=\box62
\c@FancyVerbLine=\count280
\FV@StepNumber=\count281
\FV@OutFile=\write3
)
(/usr/share/texlive/texmf-dist/tex/latex/tools/tabularx.sty
Package: tabularx 2023/07/08 v2.11c `tabularx' package (DPC)
\TX@col@width=\dimen157
\TX@old@table=\dimen158
\TX@old@col=\dimen159
\TX@target=\dimen160
\TX@delta=\dimen161
\TX@cols=\count282
\TX@ftn=\toks27
)
(/usr/share/texlive/texmf-dist/tex/latex/tools/multicol.sty
Package: multicol 2023/03/30 v1.9f multicolumn formatting (FMi)
\c@tracingmulticols=\count283
\mult@box=\box63
\multicol@leftmargin=\dimen162
\c@unbalance=\count284
\c@collectmore=\count285
\doublecol@number=\count286
\multicoltolerance=\count287
\multicolpretolerance=\count288
\full@width=\dimen163
\page@free=\dimen164
\premulticols=\dimen165
\postmulticols=\dimen166
\multicolsep=\skip61
\multicolbaselineskip=\skip62
\partial@page=\box64
\last@line=\box65
\mc@boxedresult=\box66
\maxbalancingoverflow=\dimen167
\mult@rightbox=\box67
\mult@grightbox=\box68
\mult@firstbox=\box69
\mult@gfirstbox=\box70
\@tempa=\box71
\@tempa=\box72
\@tempa=\box73
\@tempa=\box74
\@tempa=\box75
\@tempa=\box76
\@tempa=\box77
\@tempa=\box78
\@tempa=\box79
\@tempa=\box80
\@tempa=\box81
\@tempa=\box82
\@tempa=\box83
\@tempa=\box84
\@tempa=\box85
\@tempa=\box86
\@tempa=\box87
\@tempa=\box88
\@tempa=\box89
\@tempa=\box90
\@tempa=\box91
\@tempa=\box92
\@tempa=\box93
\@tempa=\box94
\@tempa=\box95
\@tempa=\box96
\@tempa=\box97
\@tempa=\box98
\@tempa=\box99
\@tempa=\box100
\@tempa=\box101
\@tempa=\box102
\@tempa=\box103
\@tempa=\box104
\@tempa=\box105
\@tempa=\box106
\c@minrows=\count289
\c@columnbadness=\count290
\c@finalcolumnbadness=\count291
\last@try=\dimen168
\multicolovershoot=\dimen169
\multicolundershoot=\dimen170
\mult@nat@firstbox=\box107
\colbreak@box=\box108
\mc@col@check@num=\count292
)
(/usr/share/texlive/texmf-dist/tex/latex/multirow/multirow.sty
Package: multirow 2021/03/15 v2.8 Span multiple rows of a table
\multirow@colwidth=\skip63
\multirow@cntb=\count293
\multirow@dima=\skip64
\bigstrutjot=\dimen171
)
(/usr/share/texlive/texmf-dist/tex/latex/hanging/hanging.sty
Package: hanging 2009/09/02 v1.2b hanging paragraphs and punctuation
\h@ngcommawd=\skip65
\h@ngfstopwd=\skip66
\h@ngquotewd=\skip67
\h@ngdquotewd=\skip68
\h@ngquerywd=\skip69
\h@ngexclwd=\skip70
\h@ngcolonwd=\skip71
\h@ngscolonwd=\skip72
)
(/usr/share/texlive/texmf-dist/tex/generic/iftex/ifpdf.sty
Package: ifpdf 2019/10/25 v3.4 ifpdf legacy package. Use iftex instead.

(/usr/share/texlive/texmf-dist/tex/generic/iftex/iftex.sty
Package: iftex 2022/02/03 v1.0f TeX engine tests
))
(/usr/share/texlive/texmf-dist/tex/latex/adjustbox/adjustbox.sty
Package: adjustbox 2022/10/17 v1.3a Adjusting TeX boxes (trim, clip, ...)

(/usr/share/texlive/texmf-dist/tex/latex/xkeyval/xkeyval.sty
Package: xkeyval 2022/06/16 v2.9 package option processing (HA)

(/usr/share/texlive/texmf-dist/tex/generic/xkeyval/xkeyval.tex
(/usr/share/texlive/texmf-dist/tex/generic/xkeyval/xkvutils.tex
\XKV@toks=\toks28
\XKV@tempa@toks=\toks29
)
\XKV@depth=\count294
File: xkeyval.tex 2014/12/03 v2.7a key=value parser (HA)
))
(/usr/share/texlive/texmf-dist/tex/latex/adjustbox/adjcalc.sty
Package: adjcalc 2012/05/16 v1.1 Provides advanced setlength with multiple back
-ends (calc, etex, pgfmath)
)
(/usr/share/texlive/texmf-dist/tex/latex/adjustbox/trimclip.sty
Package: trimclip 2020/08/19 v1.2 Trim and clip general TeX material

(/usr/share/texlive/texmf-dist/tex/latex/graphics/graphicx.sty
Package: graphicx 2021/09/16 v1.2d Enhanced LaTeX Graphics (DPC,SPQR)

(/usr/share/texlive/texmf-dist/tex/latex/graphics/graphics.sty
Package: graphics 2022/03/10 v1.4e Standard LaTeX Graphics (DPC,SPQR)

(/usr/share/texlive/texmf-dist/tex/latex/graphics/trig.sty
Package: trig 2021/08/11 v1.11 sin cos tan (DPC)
)
(/usr/share/texlive/texmf-dist/tex/latex/graphics-cfg/graphics.cfg
File: graphics.cfg 2016/06/04 v1.11 sample graphics configuration
)
Package graphics Info: Driver file: pdftex.def on input line 107.
)
\Gin@req@height=\dimen172
\Gin@req@width=\dimen173
)
(/usr/share/texlive/texmf-dist/tex/latex/collectbox/collectbox.sty
Package: collectbox 2022/10/17 v0.4c Collect macro arguments as boxes
\collectedbox=\box109
)
\tc@llx=\dimen174
\tc@lly=\dimen175
\tc@urx=\dimen176
\tc@ury=\dimen177
Package trimclip Info: Using driver 'tc-pdftex.def'.

(/usr/share/texlive/texmf-dist/tex/latex/adjustbox/tc-pdftex.def
File: tc-pdftex.def 2019/01/04 v2.2 Clipping driver for pdftex
))
\adjbox@Width=\dimen178
\adjbox@Height=\dimen179
\adjbox@Depth=\dimen180
\adjbox@Totalheight=\dimen181
\adjbox@pwidth=\dimen182
\adjbox@pheight=\dimen183
\adjbox@pdepth=\dimen184
\adjbox@ptotalheight=\dimen185

(/usr/share/texlive/texmf-dist/tex/latex/ifoddpage/ifoddpage.sty
Package: ifoddpage 2022/10/18 v1.2 Conditionals for odd/even page detection
\c@checkoddpage=\count295
))
(/usr/share/texlive/texmf-dist/tex/latex/amsfonts/amssymb.sty
Package: amssymb 2013/01/14 v3.01 AMS font symbols

(/usr/share/texlive/texmf-dist/tex/latex/amsfonts/amsfonts.sty
Package: amsfonts 2013/01/14 v3.01 Basic AMSFonts support
\@emptytoks=\toks30
\symAMSa=\mathgroup4
\symAMSb=\mathgroup5
LaTeX Font Info:    Redeclaring math symbol \hbar on input line 98.
LaTeX Font Info:    Overwriting math alphabet `\mathfrak' in version `bold'
(Font)                  U/euf/m/n --> U/euf/b/n on input line 106.
))
(/usr/share/texlive/texmf-dist/tex/latex/stackengine/stackengine.sty
Package: stackengine 2021/07/22 v4.11\ Stacking text and objects in convenient 
ways

(/usr/share/texlive/texmf-dist/tex/latex/etoolbox/etoolbox.sty
Package: etoolbox 2020/10/05 v2.5k e-TeX tools for LaTeX (JAW)
\etb@tempcnta=\count296
)
(/usr/share/texlive/texmf-dist/tex/generic/listofitems/listofitems.sty
(/usr/share/texlive/texmf-dist/tex/generic/listofitems/listofitems.tex
\loi_cnt_foreach_nest=\count297
\loi_nestcnt=\count298
)
Package: listofitems 2019/08/21 v1.63 Grab items in lists using user-specified 
sep char (CT)
)
\c@@stackindex=\count299
\@boxshift=\skip73
\stack@tmplength=\skip74
\temp@stkl=\skip75
\@stackedboxwidth=\skip76
\@addedbox=\box110
\@anchorbox=\box111
\@insetbox=\box112
\se@backgroundbox=\box113
\stackedbox=\box114
\@centerbox=\box115
\c@ROWcellindex@=\count300
)
(/usr/share/texlive/texmf-dist/tex/latex/enumitem/enumitem.sty
Package: enumitem 2019/06/20 v3.9 Customized lists
\labelindent=\skip77
\enit@outerparindent=\dimen186
\enit@toks=\toks31
\enit@inbox=\box116
\enit@count@id=\count301
\enitdp@description=\count302
)
(/usr/share/texlive/texmf-dist/tex/generic/alphalph/alphalph.sty
Package: alphalph 2019/12/09 v2.6 Convert numbers to letters (HO)

(/usr/share/texlive/texmf-dist/tex/generic/intcalc/intcalc.sty
Package: intcalc 2019/12/15 v1.3 Expandable calculations with integers (HO)
))
(/usr/share/texlive/texmf-dist/tex/generic/ulem/ulem.sty
\UL@box=\box117
\UL@hyphenbox=\box118
\UL@skip=\skip78
\UL@hook=\toks32
\UL@height=\dimen187
\UL@pe=\count303
\UL@pixel=\dimen188
\ULC@box=\box119
Package: ulem 2019/11/18
\ULdepth=\dimen189
)
\xrefbox=\box120
\xreflength=\skip79
\CodeWidthChar=\skip80
\CodeHeightChar=\skip81
\DoxyCodeWidth=\skip82
\c@DoxyEnumeratei=\count304
\c@DoxyEnumerateii=\count305
\c@DoxyEnumerateiii=\count306
\c@DoxyEnumerateiv=\count307
\c@DoxyEnumeratev=\count308
\c@DoxyEnumeratevi=\count309
\c@DoxyEnumeratevii=\count310
\c@DoxyEnumerateviii=\count311
\c@DoxyEnumerateix=\count312
\c@DoxyEnumeratex=\count313
\c@DoxyEnumeratexi=\count314
\c@DoxyEnumeratexii=\count315
\enitdp@DoxyEnumerate=\count316
\enitdp@DoxyItemize=\count317
\c@subsubsubsection=\count318
\c@subsubsubsubsection=\count319
\c@subsubsubsubsubsection=\count320
\c@subsubsubsubsubsubsection=\count321
)
(/usr/share/texlive/texmf-dist/tex/latex/base/inputenc.sty
Package: inputenc 2021/02/14 v1.3d Input encoding file
\inpenc@prehook=\toks33
\inpenc@posthook=\toks34
)
(/usr/share/texlive/texmf-dist/tex/latex/base/makeidx.sty
Package: makeidx 2021/10/04 v1.0m Standard LaTeX package
)
(/usr/share/texlive/texmf-dist/tex/latex/base/textcomp.sty
Package: textcomp 2020/02/02 v2.0n Standard LaTeX package
)
(/usr/share/texlive/texmf-dist/tex/latex/wasysym/wasysym.sty
Package: wasysym 2020/01/19 v2.4 Wasy-2 symbol support package
\symwasy=\mathgroup6
LaTeX Font Info:    Overwriting symbol font `wasy' in version `bold'
(Font)                  U/wasy/m/n --> U/wasy/b/n on input line 93.
)
(/usr/share/texlive/texmf-dist/tex/generic/iftex/ifxetex.sty
Package: ifxetex 2019/10/25 v0.7 ifxetex legacy package. Use iftex instead.
)
(/usr/share/texlive/texmf-dist/tex/latex/base/fontenc.sty
Package: fontenc 2021/04/29 v2.0v Standard LaTeX package
)
(/usr/share/texlive/texmf-dist/tex/latex/psnfss/helvet.sty
Package: helvet 2020/03/25 PSNFSS-v9.3 (WaS) 
)
(/usr/share/texlive/texmf-dist/tex/latex/psnfss/courier.sty
Package: courier 2020/03/25 PSNFSS-v9.3 (WaS) 
)
(/usr/share/texlive/texmf-dist/tex/latex/geometry/geometry.sty
Package: geometry 2020/01/02 v5.9 Page Geometry

(/usr/share/texlive/texmf-dist/tex/generic/iftex/ifvtex.sty
Package: ifvtex 2019/10/25 v1.7 ifvtex legacy package. Use iftex instead.
)
\Gm@cnth=\count322
\Gm@cntv=\count323
\c@Gm@tempcnt=\count324
\Gm@bindingoffset=\dimen190
\Gm@wd@mp=\dimen191
\Gm@odd@mp=\dimen192
\Gm@even@mp=\dimen193
\Gm@layoutwidth=\dimen194
\Gm@layoutheight=\dimen195
\Gm@layouthoffset=\dimen196
\Gm@layoutvoffset=\dimen197
\Gm@dimlist=\toks35
)
(/usr/share/texlive/texmf-dist/tex/latex/changepage/changepage.sty
Package: changepage 2009/10/20 v1.0c check page and change page layout
\c@cp@cntr=\count325
\cp@tempcnt=\count326
LaTeX Info: Redefining \checkoddpage on input line 59.
)
(/usr/share/texlive/texmf-dist/tex/latex/fancyhdr/fancyhdr.sty
Package: fancyhdr 2022/11/09 v4.1 Extensive control of page headers and footers

\f@nch@headwidth=\skip83
\f@nch@O@elh=\skip84
\f@nch@O@erh=\skip85
\f@nch@O@olh=\skip86
\f@nch@O@orh=\skip87
\f@nch@O@elf=\skip88
\f@nch@O@erf=\skip89
\f@nch@O@olf=\skip90
\f@nch@O@orf=\skip91
)
(/usr/share/texlive/texmf-dist/tex/latex/natbib/natbib.sty
Package: natbib 2010/09/13 8.31b (PWD, AO)
\bibhang=\skip92
\bibsep=\skip93
LaTeX Info: Redefining \cite on input line 694.
\c@NAT@ctr=\count327
)
(/usr/share/texlive/texmf-dist/tex/latex/tocloft/tocloft.sty
Package: tocloft 2017/08/31 v2.3i parameterised ToC, etc., typesetting
Package tocloft Info: The document has chapter divisions on input line 51.
\cftparskip=\skip94
\cftbeforetoctitleskip=\skip95
\cftaftertoctitleskip=\skip96
\cftbeforepartskip=\skip97
\cftpartnumwidth=\skip98
\cftpartindent=\skip99
\cftbeforechapskip=\skip100
\cftchapindent=\skip101
\cftchapnumwidth=\skip102
\cftbeforesecskip=\skip103
\cftsecindent=\skip104
\cftsecnumwidth=\skip105
\cftbeforesubsecskip=\skip106
\cftsubsecindent=\skip107
\cftsubsecnumwidth=\skip108
\cftbeforesubsubsecskip=\skip109
\cftsubsubsecindent=\skip110
\cftsubsubsecnumwidth=\skip111
\cftbeforeparaskip=\skip112
\cftparaindent=\skip113
\cftparanumwidth=\skip114
\cftbeforesubparaskip=\skip115
\cftsubparaindent=\skip116
\cftsubparanumwidth=\skip117
\cftbeforeloftitleskip=\skip118
\cftafterloftitleskip=\skip119
\cftbeforefigskip=\skip120
\cftfigindent=\skip121
\cftfignumwidth=\skip122
\c@lofdepth=\count328
\c@lotdepth=\count329
\cftbeforelottitleskip=\skip123
\cftafterlottitleskip=\skip124
\cftbeforetabskip=\skip125
\cfttabindent=\skip126
\cfttabnumwidth=\skip127
)
\@indexfile=\write4
\openout4 = `refman.idx'.


Writing index file refman.idx
(/usr/share/texlive/texmf-dist/tex/latex/newunicodechar/newunicodechar.sty
Package: newunicodechar 2018/04/08 v1.2 Defining Unicode characters
)
(/usr/share/texlive/texmf-dist/tex/latex/hyperref/hyperref.sty
Package: hyperref 2024-01-20 v7.01h Hypertext links for LaTeX

(/usr/share/texlive/texmf-dist/tex/latex/kvsetkeys/kvsetkeys.sty
Package: kvsetkeys 2022-10-05 v1.19 Key value parser (HO)
)
(/usr/share/texlive/texmf-dist/tex/generic/kvdefinekeys/kvdefinekeys.sty
Package: kvdefinekeys 2019-12-19 v1.6 Define keys (HO)
)
(/usr/share/texlive/texmf-dist/tex/generic/pdfescape/pdfescape.sty
Package: pdfescape 2019/12/09 v1.15 Implements pdfTeX's escape features (HO)

(/usr/share/texlive/texmf-dist/tex/generic/ltxcmds/ltxcmds.sty
Package: ltxcmds 2023-12-04 v1.26 LaTeX kernel commands for general use (HO)
)
(/usr/share/texlive/texmf-dist/tex/generic/pdftexcmds/pdftexcmds.sty
Package: pdftexcmds 2020-06-27 v0.33 Utility functions of pdfTeX for LuaTeX (HO
)
Package pdftexcmds Info: \pdf@primitive is available.
Package pdftexcmds Info: \pdf@ifprimitive is available.
Package pdftexcmds Info: \pdfdraftmode found.
))
(/usr/share/texlive/texmf-dist/tex/latex/hycolor/hycolor.sty
Package: hycolor 2020-01-27 v1.10 Color options for hyperref/bookmark (HO)
)
(/usr/share/texlive/texmf-dist/tex/latex/auxhook/auxhook.sty
Package: auxhook 2019-12-17 v1.6 Hooks for auxiliary files (HO)
)
(/usr/share/texlive/texmf-dist/tex/latex/hyperref/nameref.sty
Package: nameref 2023-11-26 v2.56 Cross-referencing by name of section

(/usr/share/texlive/texmf-dist/tex/latex/refcount/refcount.sty
Package: refcount 2019/12/15 v3.6 Data extraction from label references (HO)
)
(/usr/share/texlive/texmf-dist/tex/generic/gettitlestring/gettitlestring.sty
Package: gettitlestring 2019/12/15 v1.6 Cleanup title references (HO)

(/usr/share/texlive/texmf-dist/tex/latex/kvoptions/kvoptions.sty
Package: kvoptions 2022-06-15 v3.15 Key value format for package options (HO)
))
\c@section@level=\count330
)
\@linkdim=\dimen198
\Hy@linkcounter=\count331
\Hy@pagecounter=\count332

(/usr/share/texlive/texmf-dist/tex/latex/hyperref/pd1enc.def
File: pd1enc.def 2024-01-20 v7.01h Hyperref: PDFDocEncoding definition (HO)
Now handling font encoding PD1 ...
... no UTF-8 mapping file for font encoding PD1
)
\Hy@SavedSpaceFactor=\count333

(/usr/share/texlive/texmf-dist/tex/latex/hyperref/puenc.def
File: puenc.def 2024-01-20 v7.01h Hyperref: PDF Unicode definition (HO)
Now handling font encoding PU ...
... no UTF-8 mapping file for font encoding PU
)
Package hyperref Info: Hyper figures OFF on input line 4179.
Package hyperref Info: Link nesting OFF on input line 4184.
Package hyperref Info: Hyper index ON on input line 4187.
Package hyperref Info: Plain pages OFF on input line 4194.
Package hyperref Info: Backreferencing ON on input line 4197.
Package hyperref Info: Implicit mode ON; LaTeX internals redefined.
Package hyperref Info: Bookmarks ON on input line 4446.

(/usr/share/texlive/texmf-dist/tex/latex/hyperref/backref.sty
Package: backref 2023-11-26 v1.44 Bibliographical back referencing

(/usr/share/texlive/texmf-dist/tex/latex/rerunfilecheck/rerunfilecheck.sty
Package: rerunfilecheck 2022-07-10 v1.10 Rerun checks for auxiliary files (HO)

(/usr/share/texlive/texmf-dist/tex/latex/base/atveryend-ltx.sty
Package: atveryend-ltx 2020/08/19 v1.0a Emulation of the original atveryend pac
kage
with kernel methods
)
(/usr/share/texlive/texmf-dist/tex/generic/uniquecounter/uniquecounter.sty
Package: uniquecounter 2019/12/15 v1.4 Provide unlimited unique counter (HO)

(/usr/share/texlive/texmf-dist/tex/generic/bigintcalc/bigintcalc.sty
Package: bigintcalc 2019/12/15 v1.5 Expandable calculations on big integers (HO
)
))
Package uniquecounter Info: New unique counter `rerunfilecheck' on input line 2
85.
))
\c@Hy@tempcnt=\count334

(/usr/share/texlive/texmf-dist/tex/latex/url/url.sty
\Urlmuskip=\muskip16
Package: url 2013/09/16  ver 3.4  Verb mode for urls, etc.
)
LaTeX Info: Redefining \url on input line 4784.
\XeTeXLinkMargin=\dimen199

(/usr/share/texlive/texmf-dist/tex/generic/bitset/bitset.sty
Package: bitset 2019/12/09 v1.3 Handle bit-vector datatype (HO)
)
\Fld@menulength=\count335
\Field@Width=\dimen256
\Fld@charsize=\dimen257
Package hyperref Info: Hyper figures OFF on input line 6063.
Package hyperref Info: Link nesting OFF on input line 6068.
Package hyperref Info: Hyper index ON on input line 6071.
Package hyperref Info: backreferencing ON on input line 6076.
Package hyperref Info: Link coloring OFF on input line 6083.
Package hyperref Info: Link coloring with OCG OFF on input line 6088.
Package hyperref Info: PDF/A mode OFF on input line 6093.

(/usr/share/texlive/texmf-dist/tex/latex/base/atbegshi-ltx.sty
Package: atbegshi-ltx 2021/01/10 v1.0c Emulation of the original atbegshi
package with kernel methods
)
\Hy@abspage=\count336
\c@Item=\count337
\c@Hfootnote=\count338
)
Package hyperref Info: Driver: hpdftex.

(/usr/share/texlive/texmf-dist/tex/latex/hyperref/hpdftex.def
File: hpdftex.def 2024-01-20 v7.01h Hyperref driver for pdfTeX
\Fld@listcount=\count339
\c@bookmark@seq@number=\count340
\Hy@SectionHShift=\skip128
)
Package hyperref Info: Option `colorlinks' set `true' on input line 161.
Package hyperref Info: Option `unicode' set `true' on input line 161.

(/usr/share/texlive/texmf-dist/tex/latex/caption/caption.sty
Package: caption 2023/08/05 v3.6o Customizing captions (AR)

(/usr/share/texlive/texmf-dist/tex/latex/caption/caption3.sty
Package: caption3 2023/07/31 v2.4d caption3 kernel (AR)
\caption@tempdima=\dimen258
\captionmargin=\dimen259
\caption@leftmargin=\dimen260
\caption@rightmargin=\dimen261
\caption@width=\dimen262
\caption@indent=\dimen263
\caption@parindent=\dimen264
\caption@hangindent=\dimen265
Package caption Info: Standard document class detected.
)
\c@caption@flags=\count341
\c@continuedfloat=\count342
Package caption Info: changepage package is loaded.
\caption@adjustwidth@hsize=\dimen266
\caption@adjustwidth@linewidth=\dimen267
Package caption Info: float package is loaded.
Package caption Info: hyperref package is loaded.
Package caption Info: longtable package is loaded.

(/usr/share/texlive/texmf-dist/tex/latex/caption/ltcaption.sty
Package: ltcaption 2021/01/08 v1.4c longtable captions (AR)
))
(/usr/share/texlive/texmf-dist/tex/latex/etoc/etoc.sty
Package: etoc 2023/10/29 v1.2d Completely customisable TOCs (JFB)
\Etoc@toctoks=\toks36
\c@etoc@tocid=\count343
\etoc@framed@titlebox=\box121
\etoc@framed@contentsbox=\box122
)
LaTeX Font Info:    Trying to load font information for T1+phv on input line 18
3.

(/usr/share/texlive/texmf-dist/tex/latex/psnfss/t1phv.fd
File: t1phv.fd 2020/03/25 scalable font definitions for T1/phv.
)
LaTeX Font Info:    Font shape `T1/phv/m/n' will be
(Font)              scaled to size 8.99994pt on input line 183.

(/usr/share/texlive/texmf-dist/tex/latex/l3backend/l3backend-pdftex.def
File: l3backend-pdftex.def 2024-01-04 L3 backend support: PDF output (pdfTeX)
\l__color_backend_stack_int=\count344
\l__pdf_internal_box=\box123
)
(./refman.aux)
\openout1 = `refman.aux'.

LaTeX Font Info:    Checking defaults for OML/cmm/m/it on input line 183.
LaTeX Font Info:    ... okay on input line 183.
LaTeX Font Info:    Checking defaults for OMS/cmsy/m/n on input line 183.
LaTeX Font Info:    ... okay on input line 183.
LaTeX Font Info:    Checking defaults for OT1/cmr/m/n on input line 183.
LaTeX Font Info:    ... okay on input line 183.
LaTeX Font Info:    Checking defaults for T1/cmr/m/n on input line 183.
LaTeX Font Info:    ... okay on input line 183.
LaTeX Font Info:    Checking defaults for TS1/cmr/m/n on input line 183.
LaTeX Font Info:    ... okay on input line 183.
LaTeX Font Info:    Checking defaults for OMX/cmex/m/n on input line 183.
LaTeX Font Info:    ... okay on input line 183.
LaTeX Font Info:    Checking defaults for U/cmr/m/n on input line 183.
LaTeX Font Info:    ... okay on input line 183.
LaTeX Font Info:    Checking defaults for PD1/pdf/m/n on input line 183.
LaTeX Font Info:    ... okay on input line 183.
LaTeX Font Info:    Checking defaults for PU/pdf/m/n on input line 183.
LaTeX Font Info:    ... okay on input line 183.

(/usr/share/texlive/texmf-dist/tex/context/base/mkii/supp-pdf.mkii
[Loading MPS to PDF converter (version 2006.09.02).]
\scratchcounter=\count345
\scratchdimen=\dimen268
\scratchbox=\box124
\nofMPsegments=\count346
\nofMParguments=\count347
\everyMPshowfont=\toks37
\MPscratchCnt=\count348
\MPscratchDim=\dimen269
\MPnumerator=\count349
\makeMPintoPDFobject=\count350
\everyMPtoPDFconversion=\toks38
) (/usr/share/texlive/texmf-dist/tex/latex/epstopdf-pkg/epstopdf-base.sty
Package: epstopdf-base 2020-01-24 v2.11 Base part for package epstopdf
Package epstopdf-base Info: Redefining graphics rule for `.eps' on input line 4
85.

(/usr/share/texlive/texmf-dist/tex/latex/latexconfig/epstopdf-sys.cfg
File: epstopdf-sys.cfg 2010/07/13 v1.3 Configuration of (r)epstopdf for TeX Liv
e
))
*geometry* driver: auto-detecting
*geometry* detected driver: pdftex
*geometry* verbose mode - [ preamble ] result:
* driver: pdftex
* paper: a4paper
* layout: <same size as paper>
* layoutoffset:(h,v)=(0.0pt,0.0pt)
* modes: twoside 
* h-part:(L,W,R)=(71.13188pt, 455.24411pt, 71.13188pt)
* v-part:(T,H,B)=(71.13188pt, 702.78308pt, 71.13188pt)
* \paperwidth=597.50787pt
* \paperheight=845.04684pt
* \textwidth=455.24411pt
* \textheight=702.78308pt
* \oddsidemargin=-1.1381pt
* \evensidemargin=-1.1381pt
* \topmargin=-31.2056pt
* \headheight=12.0pt
* \headsep=18.06749pt
* \topskip=10.0pt
* \footskip=25.29494pt
* \marginparwidth=125.0pt
* \marginparsep=7.0pt
* \columnsep=10.0pt
* \skip\footins=9.0pt plus 4.0pt minus 2.0pt
* \hoffset=0.0pt
* \voffset=0.0pt
* \mag=1000
* \@twocolumnfalse
* \@twosidetrue
* \@mparswitchtrue
* \@reversemarginfalse
* (1in=72.27pt=25.4mm, 1cm=28.453pt)

Package backref Info: ** backref set up for natbib ** on input line 183.
Package hyperref Info: Link coloring ON on input line 183.
(./refman.out) (./refman.out)
\@outlinefile=\write5
\openout5 = `refman.out'.

Package caption Info: Begin \AtBeginDocument code.
Package caption Info: End \AtBeginDocument code.
\Etoc@tf=\read4
Package hyperref Info: Option `pageanchor' set `false' on input line 191.
Package hyperref Info: Option `bookmarksnumbered' set `true' on input line 191.

Package hyperref Info: Option `unicode' set `true' on input line 191.
LaTeX Font Info:    Font shape `T1/phv/m/n' will be
(Font)              scaled to size 12.9599pt on input line 196.
LaTeX Font Info:    Font shape `T1/phv/m/n' will be
(Font)              scaled to size 10.79993pt on input line 197.
LaTeX Font Info:    Font shape `T1/phv/m/n' will be
(Font)              scaled to size 6.29996pt on input line 197.
LaTeX Font Info:    Trying to load font information for U+msa on input line 197
.

(/usr/share/texlive/texmf-dist/tex/latex/amsfonts/umsa.fd
File: umsa.fd 2013/01/14 v3.01 AMS symbols A
)
LaTeX Font Info:    Trying to load font information for U+msb on input line 197
.

(/usr/share/texlive/texmf-dist/tex/latex/amsfonts/umsb.fd
File: umsb.fd 2013/01/14 v3.01 AMS symbols B
)
LaTeX Font Info:    Trying to load font information for U+wasy on input line 19
7.

(/usr/share/texlive/texmf-dist/tex/latex/wasysym/uwasy.fd
File: uwasy.fd 2020/01/19 v2.4 Wasy-2 symbol font definitions
) [1


{/var/lib/texmf/fonts/map/pdftex/updmap/pdftex.map}{/usr/share/texlive/texmf-di
st/fonts/enc/dvips/base/8r.enc}] [2

]
\tf@toc=\write6
\openout6 = `refman.toc'.

LaTeX Font Info:    Font shape `T1/phv/b/n' will be
(Font)              scaled to size 8.99994pt on input line 205.
LaTeX Font Info:    Font shape `T1/phv/m/n' will be
(Font)              scaled to size 7.19995pt on input line 205.
LaTeX Font Info:    Trying to load font information for T1+pcr on input line 20
5.
 (/usr/share/texlive/texmf-dist/tex/latex/psnfss/t1pcr.fd
File: t1pcr.fd 2001/06/04 font definitions for T1/pcr.
)
LaTeX Font Info:    Font shape `T1/phv/b/n' will be
(Font)              scaled to size 6.29996pt on input line 205.

[1] [2]
Underfull \hbox (badness 10000) in paragraph at lines 205--205
 [][] [][]\T1/phv/m/n/10 5.1 /home/gina/[]Documentos/[]Est[]Datos/[]Actividades
/[]U2-[]Act1-listasenlazadas/include/[]Gestor[]Sensores.h 
 []


Underfull \hbox (badness 7468) in paragraph at lines 205--205
 [][] [][]\T1/phv/m/n/10 5.3 /home/gina/[]Documentos/[]Est[]Datos/[]Actividades
/[]U2-[]Act1-listasenlazadas/include/[]Lista[]Sensor.h File 
 []


Underfull \hbox (badness 4686) in paragraph at lines 205--205
 [][] [][]\T1/phv/m/n/10 5.5 /home/gina/[]Documentos/[]Est[]Datos/[]Actividades
/[]U2-[]Act1-listasenlazadas/include/[]Sensor[]Base.h File 
 []

[3] [4

]
Package hyperref Info: Option `pageanchor' set `true' on input line 208.

Chapter 1.
LaTeX Font Info:    Font shape `T1/phv/m/n' will be
(Font)              scaled to size 18.66588pt on input line 210.
LaTeX Font Info:    Font shape `T1/phv/b/n' will be
(Font)              scaled to size 18.66588pt on input line 210.
LaTeX Font Info:    Font shape `T1/phv/b/n' will be
(Font)              scaled to size 22.39185pt on input line 210.
(./hierarchy.tex
LaTeX Font Info:    Font shape `T1/phv/b/n' will be
(Font)              scaled to size 12.9599pt on input line 1.
) [1

] [2

]
Chapter 2.
(./annotated.tex) [3] [4

]
Chapter 3.
(./files.tex) [5] [6

]
Chapter 4.
(./classGestorSensores.tex <./classGestorSensores__coll__graph.pdf>
<classGestorSensores__coll__graph.pdf, id=665, 256.96pt x 487.8225pt>
File: classGestorSensores__coll__graph.pdf Graphic file (type pdf)
<use classGestorSensores__coll__graph.pdf>
Package pdftex.def Info: classGestorSensores__coll__graph.pdf  used on input li
ne 19.
(pdftex.def)             Requested size: 256.0pt x 486.03484pt.
 [7]
LaTeX Font Info:    Trying to load font information for TS1+phv on input line 2
5.

(/usr/share/texlive/texmf-dist/tex/latex/psnfss/ts1phv.fd
File: ts1phv.fd 2020/03/25 scalable font definitions for TS1/phv.
)
LaTeX Font Info:    Font shape `TS1/phv/m/n' will be
(Font)              scaled to size 8.99994pt on input line 25.
LaTeX Font Info:    Font shape `T1/phv/m/n' will be
(Font)              scaled to size 8.09995pt on input line 26.
LaTeX Font Info:    Font shape `T1/phv/m/it' in size <9> not available
(Font)              Font shape `T1/phv/m/sl' tried instead on input line 26.
LaTeX Font Info:    Font shape `T1/phv/m/sl' will be
(Font)              scaled to size 8.09995pt on input line 26.
 [8]
LaTeX Font Info:    Font shape `T1/phv/b/n' will be
(Font)              scaled to size 10.79993pt on input line 48.
 [9]
LaTeX Font Info:    Font shape `T1/pcr/m/it' in size <8> not available
(Font)              Font shape `T1/pcr/m/sl' tried instead on input line 119.
 [10]
Underfull \hbox (badness 10000) detected at line 154
[][][]
 []


Underfull \hbox (badness 10000) detected at line 181
[][][]
 []

[11]) (./classListaSensor.tex <./classListaSensor__coll__graph.pdf>
<classListaSensor__coll__graph.pdf, id=767, 194.7275pt x 280.04625pt>
File: classListaSensor__coll__graph.pdf Graphic file (type pdf)
<use classListaSensor__coll__graph.pdf>
Package pdftex.def Info: classListaSensor__coll__graph.pdf  used on input line 
19.
(pdftex.def)             Requested size: 194.0pt x 279.01143pt.
 [12]
[13]
LaTeX Font Info:    Font shape `T1/phv/b/n' will be
(Font)              scaled to size 7.19995pt on input line 75.
 [14]
Underfull \hbox (badness 10000) detected at line 133
[][][]
 []

 <./classListaSensor_a9cd368481187ad8a4faf79db7810086b_icgraph.pdf>
<classListaSensor_a9cd368481187ad8a4faf79db7810086b_icgraph.pdf, id=859, 451.68
75pt x 148.555pt>
File: classListaSensor_a9cd368481187ad8a4faf79db7810086b_icgraph.pdf Graphic fi
le (type pdf)
<use classListaSensor_a9cd368481187ad8a4faf79db7810086b_icgraph.pdf>
Package pdftex.def Info: classListaSensor_a9cd368481187ad8a4faf79db7810086b_icg
raph.pdf  used on input line 141.
(pdftex.def)             Requested size: 350.0pt x 115.11758pt.

Underfull \hbox (badness 10000) detected at line 155
[][][]
 []

[15] <./classListaSensor_a6eb996057c9c1feabb5ac94a4fb4c69b_icgraph.pdf>
<classListaSensor_a6eb996057c9c1feabb5ac94a4fb4c69b_icgraph.pdf, id=877, 390.45
876pt x 110.4125pt>
File: classListaSensor_a6eb996057c9c1feabb5ac94a4fb4c69b_icgraph.pdf Graphic fi
le (type pdf)
<use classListaSensor_a6eb996057c9c1feabb5ac94a4fb4c69b_icgraph.pdf>
Package pdftex.def Info: classListaSensor_a6eb996057c9c1feabb5ac94a4fb4c69b_icg
raph.pdf  used on input line 169.
(pdftex.def)             Requested size: 350.0pt x 98.97607pt.

Underfull \hbox (badness 10000) detected at line 183
[][][]
 []

 <./classListaSensor_a2dd75ef08cf9a41dc12886b45aa0571e_icgraph.pdf>
<classListaSensor_a2dd75ef08cf9a41dc12886b45aa0571e_icgraph.pdf, id=888, 413.54
5pt x 148.555pt>
File: classListaSensor_a2dd75ef08cf9a41dc12886b45aa0571e_icgraph.pdf Graphic fi
le (type pdf)
<use classListaSensor_a2dd75ef08cf9a41dc12886b45aa0571e_icgraph.pdf>
Package pdftex.def Info: classListaSensor_a2dd75ef08cf9a41dc12886b45aa0571e_icg
raph.pdf  used on input line 191.
(pdftex.def)             Requested size: 350.0pt x 125.73058pt.
 <./classListaSensor_a11f84bbbda6299d28a3018eefeeb5a02_icgraph.pdf>
<classListaSensor_a11f84bbbda6299d28a3018eefeeb5a02_icgraph.pdf, id=899, 390.45
876pt x 148.555pt>
File: classListaSensor_a11f84bbbda6299d28a3018eefeeb5a02_icgraph.pdf Graphic fi
le (type pdf)
<use classListaSensor_a11f84bbbda6299d28a3018eefeeb5a02_icgraph.pdf>
Package pdftex.def Info: classListaSensor_a11f84bbbda6299d28a3018eefeeb5a02_icg
raph.pdf  used on input line 210.
(pdftex.def)             Requested size: 350.0pt x 133.16783pt.
 [16] <./classListaSensor_a19bd2eacef34c5e0c2fc6ba142138dcd_icgraph.pdf>
<classListaSensor_a19bd2eacef34c5e0c2fc6ba142138dcd_icgraph.pdf, id=921, 431.61
25pt x 222.8325pt>
File: classListaSensor_a19bd2eacef34c5e0c2fc6ba142138dcd_icgraph.pdf Graphic fi
le (type pdf)
<use classListaSensor_a19bd2eacef34c5e0c2fc6ba142138dcd_icgraph.pdf>
Package pdftex.def Info: classListaSensor_a19bd2eacef34c5e0c2fc6ba142138dcd_icg
raph.pdf  used on input line 243.
(pdftex.def)             Requested size: 350.0pt x 180.70415pt.
 [17]
Underfull \hbox (badness 10000) detected at line 257
[][][]
 []

 <./classListaSensor_af38b54d48067b68b06a0e9d31b93c4a7_icgraph.pdf>
<classListaSensor_af38b54d48067b68b06a0e9d31b93c4a7_icgraph.pdf, id=939, 442.65
375pt x 234.8775pt>
File: classListaSensor_af38b54d48067b68b06a0e9d31b93c4a7_icgraph.pdf Graphic fi
le (type pdf)
<use classListaSensor_af38b54d48067b68b06a0e9d31b93c4a7_icgraph.pdf>
Package pdftex.def Info: classListaSensor_af38b54d48067b68b06a0e9d31b93c4a7_icg
raph.pdf  used on input line 265.
(pdftex.def)             Requested size: 350.0pt x 185.72322pt.
 [18]
Underfull \hbox (badness 10000) detected at line 284
[][][]
 []

) (./structNodo.tex <./structNodo__coll__graph.pdf>
<structNodo__coll__graph.pdf, id=968, 147.55125pt x 144.54pt>
File: structNodo__coll__graph.pdf Graphic file (type pdf)
<use structNodo__coll__graph.pdf>
Package pdftex.def Info: structNodo__coll__graph.pdf  used on input line 19.
(pdftex.def)             Requested size: 147.0pt x 144.00368pt.
 [19] [20])
(./structNodoSensor.tex <./structNodoSensor__coll__graph.pdf>
<structNodoSensor__coll__graph.pdf, id=1015, 253.94875pt x 301.125pt>
File: structNodoSensor__coll__graph.pdf Graphic file (type pdf)
<use structNodoSensor__coll__graph.pdf>
Package pdftex.def Info: structNodoSensor__coll__graph.pdf  used on input line 
19.
(pdftex.def)             Requested size: 253.0pt x 300.0123pt.
 [21] [22])
(./classSensorBase.tex <./classSensorBase__inherit__graph.pdf>
<classSensorBase__inherit__graph.pdf, id=1062, 339.2675pt x 350.30875pt>
File: classSensorBase__inherit__graph.pdf Graphic file (type pdf)
<use classSensorBase__inherit__graph.pdf>
Package pdftex.def Info: classSensorBase__inherit__graph.pdf  used on input lin
e 19.
(pdftex.def)             Requested size: 338.0pt x 349.01433pt.
 <./classSensorBase__coll__graph.pdf>
<classSensorBase__coll__graph.pdf, id=1070, 187.70125pt x 204.765pt>
File: classSensorBase__coll__graph.pdf Graphic file (type pdf)
<use classSensorBase__coll__graph.pdf>
Package pdftex.def Info: classSensorBase__coll__graph.pdf  used on input line 2
9.
(pdftex.def)             Requested size: 187.0pt x 204.01147pt.
 [23] [24] <./classSensorBase_adfcce9176e571b524e9cd03e507e94d4_icgraph.pdf>
<classSensorBase_adfcce9176e571b524e9cd03e507e94d4_icgraph.pdf, id=1138, 432.61
626pt x 99.37125pt>
File: classSensorBase_adfcce9176e571b524e9cd03e507e94d4_icgraph.pdf Graphic fil
e (type pdf)
<use classSensorBase_adfcce9176e571b524e9cd03e507e94d4_icgraph.pdf>
Package pdftex.def Info: classSensorBase_adfcce9176e571b524e9cd03e507e94d4_icgr
aph.pdf  used on input line 132.
(pdftex.def)             Requested size: 350.0pt x 80.39777pt.
 [25] <./classSensorBase_a7cf3aeb12b330c500e2a5136fa020eec_icgraph.pdf>
<classSensorBase_a7cf3aeb12b330c500e2a5136fa020eec_icgraph.pdf, id=1159, 425.59
pt x 99.37125pt>
File: classSensorBase_a7cf3aeb12b330c500e2a5136fa020eec_icgraph.pdf Graphic fil
e (type pdf)
<use classSensorBase_a7cf3aeb12b330c500e2a5136fa020eec_icgraph.pdf>
Package pdftex.def Info: classSensorBase_a7cf3aeb12b330c500e2a5136fa020eec_icgr
aph.pdf  used on input line 154.
(pdftex.def)             Requested size: 350.0pt x 81.72603pt.

Underfull \hbox (badness 10000) detected at line 167
[][][]
 []

 <./classSensorBase_adb19329ba35a359c664b66575aab7552_icgraph.pdf>
<classSensorBase_adb19329ba35a359c664b66575aab7552_icgraph.pdf, id=1169, 457.71
pt x 173.64874pt>
File: classSensorBase_adb19329ba35a359c664b66575aab7552_icgraph.pdf Graphic fil
e (type pdf)
<use classSensorBase_adb19329ba35a359c664b66575aab7552_icgraph.pdf>
Package pdftex.def Info: classSensorBase_adb19329ba35a359c664b66575aab7552_icgr
aph.pdf  used on input line 175.
(pdftex.def)             Requested size: 350.0pt x 132.7905pt.
 [26] <./classSensorBase_a7fbc0a5b444f7d16cd60ba873b8ec8e4_icgraph.pdf>
<classSensorBase_a7fbc0a5b444f7d16cd60ba873b8ec8e4_icgraph.pdf, id=1194, 416.55
624pt x 110.4125pt>
File: classSensorBase_a7fbc0a5b444f7d16cd60ba873b8ec8e4_icgraph.pdf Graphic fil
e (type pdf)
<use classSensorBase_a7fbc0a5b444f7d16cd60ba873b8ec8e4_icgraph.pdf>
Package pdftex.def Info: classSensorBase_a7fbc0a5b444f7d16cd60ba873b8ec8e4_icgr
aph.pdf  used on input line 206.
(pdftex.def)             Requested size: 350.0pt x 92.77617pt.
)
(./classSensorPresion.tex <./classSensorPresion__inherit__graph.pdf>
<classSensorPresion__inherit__graph.pdf, id=1205, 187.70125pt x 350.30875pt>
File: classSensorPresion__inherit__graph.pdf Graphic file (type pdf)
<use classSensorPresion__inherit__graph.pdf>
Package pdftex.def Info: classSensorPresion__inherit__graph.pdf  used on input 
line 19.
(pdftex.def)             Requested size: 187.0pt x 349.01967pt.
 [27] <./classSensorPresion__coll__graph.pdf>
<classSensorPresion__coll__graph.pdf, id=1221, 374.39874pt x 517.935pt>
File: classSensorPresion__coll__graph.pdf Graphic file (type pdf)
<use classSensorPresion__coll__graph.pdf>
Package pdftex.def Info: classSensorPresion__coll__graph.pdf  used on input lin
e 29.
(pdftex.def)             Requested size: 350.0pt x 484.21143pt.
 [28] [29] [30]

Package textcomp Warning: Symbol \textrightarrow not provided by
(textcomp)                font family phv in TS1 encoding.
(textcomp)                Default family used instead on input line 125.

LaTeX Font Info:    Trying to load font information for T1+cmss on input line 1
25.
(/usr/share/texlive/texmf-dist/tex/latex/base/t1cmss.fd
File: t1cmss.fd 2023/04/13 v2.5m Standard LaTeX font definitions
)
LaTeX Font Info:    Trying to load font information for TS1+cmss on input line 
125.

(/usr/share/texlive/texmf-dist/tex/latex/base/ts1cmss.fd
File: ts1cmss.fd 2023/04/13 v2.5m Standard LaTeX font definitions
) [31])
(./classSensorTemperatura.tex <./classSensorTemperatura__inherit__graph.pdf>
<classSensorTemperatura__inherit__graph.pdf, id=1314, 212.795pt x 350.30875pt>
File: classSensorTemperatura__inherit__graph.pdf Graphic file (type pdf)
<use classSensorTemperatura__inherit__graph.pdf>
Package pdftex.def Info: classSensorTemperatura__inherit__graph.pdf  used on in
put line 19.
(pdftex.def)             Requested size: 212.0pt x 349.01967pt.
 <./classSensorTemperatura__coll__graph.pdf>
<classSensorTemperatura__coll__graph.pdf, id=1322, 379.4175pt x 517.935pt>
File: classSensorTemperatura__coll__graph.pdf Graphic file (type pdf)
<use classSensorTemperatura__coll__graph.pdf>
Package pdftex.def Info: classSensorTemperatura__coll__graph.pdf  used on input
 line 29.
(pdftex.def)             Requested size: 350.0pt x 477.78625pt.
 [32]
LaTeX Font Info:    Font shape `T1/phv/m/it' in size <7> not available
(Font)              Font shape `T1/phv/m/sl' tried instead on input line 42.
LaTeX Font Info:    Font shape `T1/phv/m/sl' will be
(Font)              scaled to size 6.29996pt on input line 42.
 [33] [34]
Overfull \vbox (8.72379pt too high) has occurred while \output is active []


[35]) [36]
Chapter 5.
(./GestorSensores_8h.tex <./GestorSensores_8h__incl.pdf>
<GestorSensores_8h__incl.pdf, id=1438, 228.855pt x 242.9075pt>
File: GestorSensores_8h__incl.pdf Graphic file (type pdf)
<use GestorSensores_8h__incl.pdf>
Package pdftex.def Info: GestorSensores_8h__incl.pdf  used on input line 15.
(pdftex.def)             Requested size: 228.0pt x 242.00992pt.
 <./GestorSensores_8h__dep__incl.pdf>
<GestorSensores_8h__dep__incl.pdf, id=1446, 223.83624pt x 220.825pt>
File: GestorSensores_8h__dep__incl.pdf Graphic file (type pdf)
<use GestorSensores_8h__dep__incl.pdf>
Package pdftex.def Info: GestorSensores_8h__dep__incl.pdf  used on input line 2
3.
(pdftex.def)             Requested size: 223.0pt x 220.00565pt.
 [37

]) (./GestorSensores_8h_source.tex [38] [39])
(./ListaSensor_8h.tex <./ListaSensor_8h__incl.pdf>
<ListaSensor_8h__incl.pdf, id=1543, 218.8175pt x 187.70125pt>
File: ListaSensor_8h__incl.pdf Graphic file (type pdf)
<use ListaSensor_8h__incl.pdf>
Package pdftex.def Info: ListaSensor_8h__incl.pdf  used on input line 14.
(pdftex.def)             Requested size: 218.0pt x 187.00195pt.
 <./ListaSensor_8h__dep__incl.pdf>
<ListaSensor_8h__dep__incl.pdf, id=1551, 399.4925pt x 309.155pt>
File: ListaSensor_8h__dep__incl.pdf Graphic file (type pdf)
<use ListaSensor_8h__dep__incl.pdf>
Package pdftex.def Info: ListaSensor_8h__dep__incl.pdf  used on input line 22.
(pdftex.def)             Requested size: 350.0pt x 270.86847pt.
 [40]) (./ListaSensor_8h_source.tex [41] [42]

Package textcomp Warning: Symbol \textrightarrow not provided by
(textcomp)                font family pcr in TS1 encoding.
(textcomp)                Default family used instead on input line 172.

LaTeX Font Info:    Trying to load font information for T1+cmtt on input line 1
72.
(/usr/share/texlive/texmf-dist/tex/latex/base/t1cmtt.fd
File: t1cmtt.fd 2023/04/13 v2.5m Standard LaTeX font definitions
)
LaTeX Font Info:    Trying to load font information for TS1+cmtt on input line 
172.

(/usr/share/texlive/texmf-dist/tex/latex/base/ts1cmtt.fd
File: ts1cmtt.fd 2023/04/13 v2.5m Standard LaTeX font definitions
)) (./SensorBase_8h.tex [43] <./SensorBase_8h__incl.pdf>
<SensorBase_8h__incl.pdf, id=1728, 218.8175pt x 187.70125pt>
File: SensorBase_8h__incl.pdf Graphic file (type pdf)
<use SensorBase_8h__incl.pdf>
Package pdftex.def Info: SensorBase_8h__incl.pdf  used on input line 15.
(pdftex.def)             Requested size: 218.0pt x 187.00195pt.
 <./SensorBase_8h__dep__incl.pdf>
<SensorBase_8h__dep__incl.pdf, id=1736, 561.09625pt x 309.155pt>
File: SensorBase_8h__dep__incl.pdf Graphic file (type pdf)
<use SensorBase_8h__dep__incl.pdf>
Package pdftex.def Info: SensorBase_8h__dep__incl.pdf  used on input line 23.
(pdftex.def)             Requested size: 350.0pt x 192.84401pt.
)
(./SensorBase_8h_source.tex [44]) (./SensorPresion_8h.tex <./SensorPresion_8h__
incl.pdf>
<SensorPresion_8h__incl.pdf, id=1768, 330.23375pt x 242.9075pt>
File: SensorPresion_8h__incl.pdf Graphic file (type pdf)
<use SensorPresion_8h__incl.pdf>
Package pdftex.def Info: SensorPresion_8h__incl.pdf  used on input line 16.
(pdftex.def)             Requested size: 329.0pt x 242.00992pt.
 [45] <./SensorPresion_8h__dep__incl.pdf>
<SensorPresion_8h__dep__incl.pdf, id=1781, 218.8175pt x 220.825pt>
File: SensorPresion_8h__dep__incl.pdf Graphic file (type pdf)
<use SensorPresion_8h__dep__incl.pdf>
Package pdftex.def Info: SensorPresion_8h__dep__incl.pdf  used on input line 24
.
(pdftex.def)             Requested size: 218.0pt x 220.00227pt.
)
(./SensorPresion_8h_source.tex [46]) (./SensorTemperatura_8h.tex <./SensorTempe
ratura_8h__incl.pdf>
<SensorTemperatura_8h__incl.pdf, id=1837, 330.23375pt x 242.9075pt>
File: SensorTemperatura_8h__incl.pdf Graphic file (type pdf)
<use SensorTemperatura_8h__incl.pdf>
Package pdftex.def Info: SensorTemperatura_8h__incl.pdf  used on input line 16.

(pdftex.def)             Requested size: 329.0pt x 242.00992pt.
 [47] <./SensorTemperatura_8h__dep__incl.pdf>
<SensorTemperatura_8h__dep__incl.pdf, id=1851, 241.90375pt x 220.825pt>
File: SensorTemperatura_8h__dep__incl.pdf Graphic file (type pdf)
<use SensorTemperatura_8h__dep__incl.pdf>
Package pdftex.def Info: SensorTemperatura_8h__dep__incl.pdf  used on input lin
e 24.
(pdftex.def)             Requested size: 241.0pt x 220.00902pt.
)
(./SensorTemperatura_8h_source.tex [48]
LaTeX Font Info:    Trying to load font information for TS1+pcr on input line 3
0.

(/usr/share/texlive/texmf-dist/tex/latex/psnfss/ts1pcr.fd
File: ts1pcr.fd 2001/06/04 font definitions for TS1/pcr.
)) (./main_8cpp.tex <./main_8cpp__incl.pdf>
<main_8cpp__incl.pdf, id=1913, 692.5875pt x 298.11375pt>
File: main_8cpp__incl.pdf Graphic file (type pdf)
<use main_8cpp__incl.pdf>
Package pdftex.def Info: main_8cpp__incl.pdf  used on input line 21.
(pdftex.def)             Requested size: 350.0pt x 150.65315pt.
 [49] [50]
Underfull \hbox (badness 10000) detected at line 63
[][][]
 []

 <./main_8cpp_ae6e47fc27bd731fef567f6f2b30ef197_icgraph.pdf>
<main_8cpp_ae6e47fc27bd731fef567f6f2b30ef197_icgraph.pdf, id=1972, 250.9375pt x
 99.37125pt>
File: main_8cpp_ae6e47fc27bd731fef567f6f2b30ef197_icgraph.pdf Graphic file (typ
e pdf)
<use main_8cpp_ae6e47fc27bd731fef567f6f2b30ef197_icgraph.pdf>
Package pdftex.def Info: main_8cpp_ae6e47fc27bd731fef567f6f2b30ef197_icgraph.pd
f  used on input line 80.
(pdftex.def)             Requested size: 250.0pt x 99.00557pt.
LaTeX Font Info:    Font shape `T1/pcr/m/it' in size <7> not available
(Font)              Font shape `T1/pcr/m/sl' tried instead on input line 87.
 [51]
Underfull \hbox (badness 10000) detected at line 102
[][][]
 []

 <./main_8cpp_a72149f95e20002e1066d41501bf3bad0_icgraph.pdf>
<main_8cpp_a72149f95e20002e1066d41501bf3bad0_icgraph.pdf, id=1998, 246.9225pt x
 99.37125pt>
File: main_8cpp_a72149f95e20002e1066d41501bf3bad0_icgraph.pdf Graphic file (typ
e pdf)
<use main_8cpp_a72149f95e20002e1066d41501bf3bad0_icgraph.pdf>
Package pdftex.def Info: main_8cpp_a72149f95e20002e1066d41501bf3bad0_icgraph.pd
f  used on input line 129.
(pdftex.def)             Requested size: 246.0pt x 98.99951pt.
 [52] <./main_8cpp_a1029f8288bc449ea621e899beda81743_icgraph.pdf>
<main_8cpp_a1029f8288bc449ea621e899beda81743_icgraph.pdf, id=2026, 242.9075pt x
 99.37125pt>
File: main_8cpp_a1029f8288bc449ea621e899beda81743_icgraph.pdf Graphic file (typ
e pdf)
<use main_8cpp_a1029f8288bc449ea621e899beda81743_icgraph.pdf>
Package pdftex.def Info: main_8cpp_a1029f8288bc449ea621e899beda81743_icgraph.pd
f  used on input line 189.
(pdftex.def)             Requested size: 242.0pt x 98.99951pt.
) [53] [54

] (./refman.ind
LaTeX Font Info:    Font shape `T1/phv/m/n' will be
(Font)              scaled to size 22.39185pt on input line 1.

Underfull \hbox (badness 10000) in paragraph at lines 3--5
[]\T1/phv/m/n/10 /home/gina/Documentos/EstDatos/Actividades/U2-
 []


Underfull \hbox (badness 10000) in paragraph at lines 5--7
[]\T1/phv/m/n/10 /home/gina/Documentos/EstDatos/Actividades/U2-
 []


Underfull \hbox (badness 10000) in paragraph at lines 5--7
\T1/phv/m/n/10 Act1-listasenlazadas/include/ListaSensor.h,
 []


Underfull \hbox (badness 10000) in paragraph at lines 7--9
[]\T1/phv/m/n/10 /home/gina/Documentos/EstDatos/Actividades/U2-
 []


Underfull \hbox (badness 10000) in paragraph at lines 7--9
\T1/phv/m/n/10 Act1-listasenlazadas/include/SensorBase.h,
 []


Underfull \hbox (badness 10000) in paragraph at lines 9--11
[]\T1/phv/m/n/10 /home/gina/Documentos/EstDatos/Actividades/U2-
 []


Underfull \hbox (badness 10000) in paragraph at lines 11--13
[]\T1/phv/m/n/10 /home/gina/Documentos/EstDatos/Actividades/U2-
 []


Overfull \hbox (22.19609pt too wide) in paragraph at lines 11--13
\T1/phv/m/n/10 Act1-listasenlazadas/include/SensorTemperatura.h,
 []


Underfull \hbox (badness 10000) in paragraph at lines 13--15
[]\T1/phv/m/n/10 /home/gina/Documentos/EstDatos/Actividades/U2-
 []

[55


] [56]) (./refman.aux)
 ***********
LaTeX2e <2023-11-01> patch level 1
L3 programming layer <2024-01-22>
 ***********
Package rerunfilecheck Info: File `refman.out' has not changed.
(rerunfilecheck)             Checksum: 80FD75A82D4FB982356C8E41A5D084C0;24279.
 ) 
Here is how much of TeX's memory you used:
 18886 strings out of 476182
 315251 string characters out of 5795594
 1944975 words of memory out of 5000000
 40125 multiletter control sequences out of 15000+600000
 618436 words of font info for 118 fonts, out of 8000000 for 9000
 14 hyphenation exceptions out of 8191
 101i,16n,117p,733b,744s stack positions out of 10000i,1000n,20000p,200000b,200000s
 </home/gina/.texlive2023/texmf-var/fonts/pk/ljfour/jknappen/ec/tctt0800.525p
k> </home/gina/.texlive2023/texmf-var/fonts/pk/ljfour/jknappen/ec/tcss1000.600p
k></usr/share/texlive/texmf-dist/fonts/type1/public/amsfonts/cm/cmmi10.pfb></us
r/share/texlive/texmf-dist/fonts/type1/public/amsfonts/cm/cmmi12.pfb></usr/shar
e/texlive/texmf-dist/fonts/type1/public/amsfonts/cm/cmmi7.pfb></usr/share/texli
ve/texmf-dist/fonts/type1/public/amsfonts/cm/cmmi8.pfb></usr/share/texlive/texm
f-dist/fonts/type1/public/amsfonts/cm/cmsy10.pfb></usr/share/texlive/texmf-dist
/fonts/type1/public/amsfonts/cm/cmsy7.pfb></usr/share/texlive/texmf-dist/fonts/
type1/public/amsfonts/cm/cmsy8.pfb></usr/share/texlive/texmf-dist/fonts/type1/u
rw/courier/ucrb8a.pfb></usr/share/texlive/texmf-dist/fonts/type1/urw/courier/uc
rr8a.pfb></usr/share/texlive/texmf-dist/fonts/type1/urw/courier/ucrro8a.pfb></u
sr/share/texlive/texmf-dist/fonts/type1/urw/helvetic/uhvb8a.pfb></usr/share/tex
live/texmf-dist/fonts/type1/urw/helvetic/uhvb8ac.pfb></usr/share/texlive/texmf-
dist/fonts/type1/urw/helvetic/uhvr8a.pfb></usr/share/texlive/texmf-dist/fonts/t
ype1/urw/helvetic/uhvro8a.pfb>
Output written on refman.pdf (62 pages, 504010 bytes).
PDF statistics:
 2324 PDF objects out of 2487 (max. 8388607)
 2087 compressed objects within 21 object streams
 371 named destinations out of 1000 (max. 500000)
 1051 words of extra memory for PDF output out of 10000 (max. 10000000)

